<?xml version="1.0" encoding="UTF-8"?>
<!-- Generated by org.testng.reporters.JUnitReportReporter -->
<testsuite hostname="Zainaya" failures="0" tests="1" name="testCases.TC001_AccountRegistrationTest" time="2.975" errors="0" timestamp="2024-10-08T00:27:18 PDT" skipped="0">
  <testcase classname="testCases.TC001_AccountRegistrationTest" name="verify_account_registration" time="2.975"/>
</testsuite> <!-- testCases.TC001_AccountRegistrationTest -->
